<?xml version="1.0" encoding="UTF-8"?>
<testng-results ignored="0" total="1" passed="1" failed="0" skipped="0">
  <reporter-output>
  </reporter-output>
  <suite started-at="2020-02-22T21:11:45Z" name="Default suite" finished-at="2020-02-22T21:11:46Z" duration-ms="1637">
    <groups>
    </groups>
    <test started-at="2020-02-22T21:11:45Z" name="Default test" finished-at="2020-02-22T21:11:46Z" duration-ms="1637">
      <class name="learningAPI.TC001_GET_Request">
        <test-method signature="getweatherDetails()[pri:0, instance:learningAPI.TC001_GET_Request@3ee0fea4]" started-at="2020-02-22T21:11:45Z" name="getweatherDetails" finished-at="2020-02-22T21:11:46Z" duration-ms="1618" status="PASS">
          <reporter-output>
          </reporter-output>
        </test-method> <!-- getweatherDetails -->
      </class> <!-- learningAPI.TC001_GET_Request -->
    </test> <!-- Default test -->
  </suite> <!-- Default suite -->
</testng-results>
